This is pdfTeX, Version 3.14159265-2.6-1.40.19 (TeX Live 2018) (preloaded format=pdflatex 2018.4.16)  19 FEB 2019 10:38
entering extended mode
 restricted \write18 enabled.
 file:line:error style messages enabled.
 %&-line parsing enabled.
**\input rom_sciAdvances_rev2_trkChng.tex
(./rom_sciAdvances_rev2_trkChng.tex
(/usr/local/texlive/2018/texmf-dist/tex/latex/base/article.cls
Document Class: article 2014/09/29 v1.4h Standard LaTeX document class
(/usr/local/texlive/2018/texmf-dist/tex/latex/base/size12.clo
File: size12.clo 2014/09/29 v1.4h Standard LaTeX file (size option)
)
\c@part=\count80
\c@section=\count81
\c@subsection=\count82
\c@subsubsection=\count83
\c@paragraph=\count84
\c@subparagraph=\count85
\c@figure=\count86
\c@table=\count87
\abovecaptionskip=\skip41
\belowcaptionskip=\skip42
\bibindent=\dimen102
) (./scicite.sty
LaTeX Info: Redefining \cite on input line 160.
LaTeX Info: Redefining \nocite on input line 227.
Package: scicite 2003/11/04  v 4.01
) (/usr/local/texlive/2018/texmf-dist/tex/latex/graphics/graphicx.sty
Package: graphicx 2017/06/01 v1.1a Enhanced LaTeX Graphics (DPC,SPQR)

(/usr/local/texlive/2018/texmf-dist/tex/latex/graphics/keyval.sty
Package: keyval 2014/10/28 v1.15 key=value parser (DPC)
\KV@toks@=\toks14
)
(/usr/local/texlive/2018/texmf-dist/tex/latex/graphics/graphics.sty
Package: graphics 2017/06/25 v1.2c Standard LaTeX Graphics (DPC,SPQR)

(/usr/local/texlive/2018/texmf-dist/tex/latex/graphics/trig.sty
Package: trig 2016/01/03 v1.10 sin cos tan (DPC)
)
(/usr/local/texlive/2018/texmf-dist/tex/latex/graphics-cfg/graphics.cfg
File: graphics.cfg 2016/06/04 v1.11 sample graphics configuration
)
Package graphics Info: Driver file: pdftex.def on input line 99.

(/usr/local/texlive/2018/texmf-dist/tex/latex/graphics-def/pdftex.def
File: pdftex.def 2018/01/08 v1.0l Graphics/color driver for pdftex
))
\Gin@req@height=\dimen103
\Gin@req@width=\dimen104
)
(/usr/local/texlive/2018/texmf-dist/tex/latex/preprint/authblk.sty
Package: authblk 2001/02/27 1.3 (PWD)
\affilsep=\skip43
\@affilsep=\skip44
\c@Maxaffil=\count88
\c@authors=\count89
\c@affil=\count90
)
(/usr/local/texlive/2018/texmf-dist/tex/latex/lineno/lineno.sty
Package: lineno 2005/11/02 line numbers on paragraphs v4.41
\linenopenalty=\count91
\output=\toks15
\linenoprevgraf=\count92
\linenumbersep=\dimen105
\linenumberwidth=\dimen106
\c@linenumber=\count93
\c@pagewiselinenumber=\count94
\c@LN@truepage=\count95
\c@internallinenumber=\count96
\c@internallinenumbers=\count97
\quotelinenumbersep=\dimen107
\bframerule=\dimen108
\bframesep=\dimen109
\bframebox=\box26
LaTeX Info: Redefining \\ on input line 3056.
)
(/usr/local/texlive/2018/texmf-dist/tex/latex/paralist/paralist.sty
Package: paralist 2017/01/22 v2.7 Extended list environments
\pltopsep=\skip45
\plpartopsep=\skip46
\plitemsep=\skip47
\plparsep=\skip48
\pl@lab=\toks16
)
(/usr/local/texlive/2018/texmf-dist/tex/latex/amsmath/amsmath.sty
Package: amsmath 2017/09/02 v2.17a AMS math features
\@mathmargin=\skip49

For additional information on amsmath, use the `?' option.
(/usr/local/texlive/2018/texmf-dist/tex/latex/amsmath/amstext.sty
Package: amstext 2000/06/29 v2.01 AMS text

(/usr/local/texlive/2018/texmf-dist/tex/latex/amsmath/amsgen.sty
File: amsgen.sty 1999/11/30 v2.0 generic functions
\@emptytoks=\toks17
\ex@=\dimen110
))
(/usr/local/texlive/2018/texmf-dist/tex/latex/amsmath/amsbsy.sty
Package: amsbsy 1999/11/29 v1.2d Bold Symbols
\pmbraise@=\dimen111
)
(/usr/local/texlive/2018/texmf-dist/tex/latex/amsmath/amsopn.sty
Package: amsopn 2016/03/08 v2.02 operator names
)
\inf@bad=\count98
LaTeX Info: Redefining \frac on input line 213.
\uproot@=\count99
\leftroot@=\count100
LaTeX Info: Redefining \overline on input line 375.
\classnum@=\count101
\DOTSCASE@=\count102
LaTeX Info: Redefining \ldots on input line 472.
LaTeX Info: Redefining \dots on input line 475.
LaTeX Info: Redefining \cdots on input line 596.
\Mathstrutbox@=\box27
\strutbox@=\box28
\big@size=\dimen112
LaTeX Font Info:    Redeclaring font encoding OML on input line 712.
LaTeX Font Info:    Redeclaring font encoding OMS on input line 713.
\macc@depth=\count103
\c@MaxMatrixCols=\count104
\dotsspace@=\muskip10
\c@parentequation=\count105
\dspbrk@lvl=\count106
\tag@help=\toks18
\row@=\count107
\column@=\count108
\maxfields@=\count109
\andhelp@=\toks19
\eqnshift@=\dimen113
\alignsep@=\dimen114
\tagshift@=\dimen115
\tagwidth@=\dimen116
\totwidth@=\dimen117
\lineht@=\dimen118
\@envbody=\toks20
\multlinegap=\skip50
\multlinetaggap=\skip51
\mathdisplay@stack=\toks21
LaTeX Info: Redefining \[ on input line 2817.
LaTeX Info: Redefining \] on input line 2818.
)
(/usr/local/texlive/2018/texmf-dist/tex/generic/ulem/ulem.sty
\UL@box=\box29
\UL@hyphenbox=\box30
\UL@skip=\skip52
\UL@hook=\toks22
\UL@height=\dimen119
\UL@pe=\count110
\UL@pixel=\dimen120
\ULC@box=\box31
Package: ulem 2012/05/18
\ULdepth=\dimen121
)
(/usr/local/texlive/2018/texmf-dist/tex/latex/graphics/color.sty
Package: color 2016/07/10 v1.1e Standard LaTeX Color (DPC)

(/usr/local/texlive/2018/texmf-dist/tex/latex/graphics-cfg/color.cfg
File: color.cfg 2016/01/02 v1.6 sample color configuration
)
Package color Info: Driver file: pdftex.def on input line 147.
)
(/usr/local/texlive/2018/texmf-dist/tex/latex/oberdiek/settobox.sty
Package: settobox 2016/05/16 v1.5 Assign box dimensions to length registers (HO
)
)
(/usr/local/texlive/2018/texmf-dist/tex/latex/oberdiek/letltxmacro.sty
Package: letltxmacro 2016/05/16 v1.5 Let assignment for LaTeX macros (HO)
)
\DIFdelgraphicsbox=\box32
\DIFdelgraphicswidth=\skip53
\DIFdelgraphicsheight=\skip54
LaTeX Info: Redefining \DIFaddbegin on input line 123.
LaTeX Info: Redefining \DIFaddend on input line 124.
LaTeX Info: Redefining \DIFdelbegin on input line 125.
LaTeX Info: Redefining \DIFdelend on input line 126.
LaTeX Info: Redefining \DIFaddbeginFL on input line 131.
LaTeX Info: Redefining \DIFaddendFL on input line 132.
LaTeX Info: Redefining \DIFdelbeginFL on input line 133.
LaTeX Info: Redefining \DIFdelendFL on input line 134.

(./rom_sciAdvances_rev2_trkChng.aux)
\openout1 = `rom_sciAdvances_rev2_trkChng.aux'.

LaTeX Font Info:    Checking defaults for OML/cmm/m/it on input line 137.
LaTeX Font Info:    ... okay on input line 137.
LaTeX Font Info:    Checking defaults for T1/cmr/m/n on input line 137.
LaTeX Font Info:    ... okay on input line 137.
LaTeX Font Info:    Checking defaults for OT1/cmr/m/n on input line 137.
LaTeX Font Info:    ... okay on input line 137.
LaTeX Font Info:    Checking defaults for OMS/cmsy/m/n on input line 137.
LaTeX Font Info:    ... okay on input line 137.
LaTeX Font Info:    Checking defaults for OMX/cmex/m/n on input line 137.
LaTeX Font Info:    ... okay on input line 137.
LaTeX Font Info:    Checking defaults for U/cmr/m/n on input line 137.
LaTeX Font Info:    ... okay on input line 137.

(/usr/local/texlive/2018/texmf-dist/tex/context/base/mkii/supp-pdf.mkii
[Loading MPS to PDF converter (version 2006.09.02).]
\scratchcounter=\count111
\scratchdimen=\dimen122
\scratchbox=\box33
\nofMPsegments=\count112
\nofMParguments=\count113
\everyMPshowfont=\toks23
\MPscratchCnt=\count114
\MPscratchDim=\dimen123
\MPnumerator=\count115
\makeMPintoPDFobject=\count116
\everyMPtoPDFconversion=\toks24
) (/usr/local/texlive/2018/texmf-dist/tex/latex/oberdiek/epstopdf-base.sty
Package: epstopdf-base 2016/05/15 v2.6 Base part for package epstopdf

(/usr/local/texlive/2018/texmf-dist/tex/generic/oberdiek/infwarerr.sty
Package: infwarerr 2016/05/16 v1.4 Providing info/warning/error messages (HO)
)
(/usr/local/texlive/2018/texmf-dist/tex/latex/oberdiek/grfext.sty
Package: grfext 2016/05/16 v1.2 Manage graphics extensions (HO)

(/usr/local/texlive/2018/texmf-dist/tex/generic/oberdiek/kvdefinekeys.sty
Package: kvdefinekeys 2016/05/16 v1.4 Define keys (HO)

(/usr/local/texlive/2018/texmf-dist/tex/generic/oberdiek/ltxcmds.sty
Package: ltxcmds 2016/05/16 v1.23 LaTeX kernel commands for general use (HO)
)))
(/usr/local/texlive/2018/texmf-dist/tex/latex/oberdiek/kvoptions.sty
Package: kvoptions 2016/05/16 v3.12 Key value format for package options (HO)

(/usr/local/texlive/2018/texmf-dist/tex/generic/oberdiek/kvsetkeys.sty
Package: kvsetkeys 2016/05/16 v1.17 Key value parser (HO)

(/usr/local/texlive/2018/texmf-dist/tex/generic/oberdiek/etexcmds.sty
Package: etexcmds 2016/05/16 v1.6 Avoid name clashes with e-TeX commands (HO)

(/usr/local/texlive/2018/texmf-dist/tex/generic/oberdiek/ifluatex.sty
Package: ifluatex 2016/05/16 v1.4 Provides the ifluatex switch (HO)
Package ifluatex Info: LuaTeX not detected.
)
Package etexcmds Info: Could not find \expanded.
(etexcmds)             That can mean that you are not using pdfTeX 1.50 or
(etexcmds)             that some package has redefined \expanded.
(etexcmds)             In the latter case, load this package earlier.
)))
(/usr/local/texlive/2018/texmf-dist/tex/generic/oberdiek/pdftexcmds.sty
Package: pdftexcmds 2018/01/30 v0.27 Utility functions of pdfTeX for LuaTeX (HO
)

(/usr/local/texlive/2018/texmf-dist/tex/generic/oberdiek/ifpdf.sty
Package: ifpdf 2017/03/15 v3.2 Provides the ifpdf switch
)
Package pdftexcmds Info: LuaTeX not detected.
Package pdftexcmds Info: \pdf@primitive is available.
Package pdftexcmds Info: \pdf@ifprimitive is available.
Package pdftexcmds Info: \pdfdraftmode found.
)
Package epstopdf-base Info: Redefining graphics rule for `.eps' on input line 4
38.
Package grfext Info: Graphics extension search list:
(grfext)             [.pdf,.png,.jpg,.mps,.jpeg,.jbig2,.jb2,.PDF,.PNG,.JPG,.JPE
G,.JBIG2,.JB2,.eps]
(grfext)             \AppendGraphicsExtensions on input line 456.

(/usr/local/texlive/2018/texmf-dist/tex/latex/latexconfig/epstopdf-sys.cfg
File: epstopdf-sys.cfg 2010/07/13 v1.3 Configuration of (r)epstopdf for TeX Liv
e
))
[1

{/usr/local/texlive/2018/texmf-var/fonts/map/pdftex/updmap/pdftex.map}]
[2

] [3

] [4]
Overfull \hbox (4.24142pt too wide) in paragraph at lines 301--325
\OT1/cmr/m/n/12 life his-to-ries, ecolo-gies, and evo-lu-tion-ary his-to-ries t
hat [][][]|   []   []each clade's []|   []
 []

[5] [6] [7]
<../../fig_pkx-fbeta.pdf, id=37, 383.4325pt x 361.35pt>
File: ../../fig_pkx-fbeta.pdf Graphic file (type pdf)
<use ../../fig_pkx-fbeta.pdf>
Package pdftex.def Info: ../../fig_pkx-fbeta.pdf  used on input line 394.
(pdftex.def)             Requested size: 345.08606pt x 325.21199pt.
 [8 <../../fig_pkx-fbeta.pdf>]
<../../fig_Px.pdf, id=48, 383.4325pt x 361.35pt>
File: ../../fig_Px.pdf Graphic file (type pdf)
<use ../../fig_Px.pdf>
Package pdftex.def Info: ../../fig_Px.pdf  used on input line 457.
(pdftex.def)             Requested size: 383.43156pt x 361.34912pt.


LaTeX Warning: `!h' float specifier changed to `!ht'.


Overfull \hbox (8.68027pt too wide) in paragraph at lines 473--493
|   []   |   []   |   []   |   []   |   []   |   []   |   []   |   []   |   [] 
  |   []   |   []   |   []
 []

[9] [10 <../../fig_Px.pdf>] [11]
<../../fig_dStat.pdf, id=72, 289.08pt x 289.08pt>
File: ../../fig_dStat.pdf Graphic file (type pdf)
<use ../../fig_dStat.pdf>
Package pdftex.def Info: ../../fig_dStat.pdf  used on input line 535.
(pdftex.def)             Requested size: 289.07928pt x 289.07928pt.
 [12 <../../fig_dStat.pdf>] [13] [14] [15]
[16] [17] [18] (./rom_sciAdvances_rev2_trkChng.bbl [19] [20] [21] [22])
[23]
Overfull \hbox (6.36977pt too wide) in paragraph at lines 818--826
[]\OT1/cmr/m/n/12 Data are avail-able through the Pa-le-o-bi-ol-ogy Database
 []

[24]
Overfull \hbox (9.19162pt too wide) in paragraph at lines 848--848
[]\OT1/cmr/bx/n/17.28 Limit dis-tri-bu-tion of a time-averaged ho-mo-ge-neous
 []


Overfull \hbox (5.30785pt too wide) in paragraph at lines 851--869
|   []   |   []   |   []   |   []   |   []   |   []   |   []   |   []   |   [] 
  |   []   |   []   |   []   |   []
 []

[25

]
<../../figSupp_divByPub.pdf, id=126, 289.08pt x 289.08pt>
File: ../../figSupp_divByPub.pdf Graphic file (type pdf)
<use ../../figSupp_divByPub.pdf>
Package pdftex.def Info: ../../figSupp_divByPub.pdf  used on input line 935.
(pdftex.def)             Requested size: 182.09485pt x 182.0949pt.
 [26 <../../figSupp_divByPub.pdf>]
<../../figSupp_divEstComp.pdf, id=136, 578.16pt x 289.08pt>
File: ../../figSupp_divEstComp.pdf Graphic file (type pdf)
<use ../../figSupp_divEstComp.pdf>
Package pdftex.def Info: ../../figSupp_divEstComp.pdf  used on input line 958.
(pdftex.def)             Requested size: 318.66946pt x 159.33412pt.
 [27 <../../figSupp_divEstComp.pdf>]
<../../figSupp_pkx_allTaxa.pdf, id=145, 650.43pt x 216.81pt>
File: ../../figSupp_pkx_allTaxa.pdf Graphic file (type pdf)
<use ../../figSupp_pkx_allTaxa.pdf>
Package pdftex.def Info: ../../figSupp_pkx_allTaxa.pdf  used on input line 987.

(pdftex.def)             Requested size: 364.19664pt x 121.40283pt.
<../../figSupp_fbeta_allTaxa.pdf, id=146, 650.43pt x 216.81pt>
File: ../../figSupp_fbeta_allTaxa.pdf Graphic file (type pdf)
<use ../../figSupp_fbeta_allTaxa.pdf>
Package pdftex.def Info: ../../figSupp_fbeta_allTaxa.pdf  used on input line 10
04.
(pdftex.def)             Requested size: 364.19664pt x 121.40283pt.

[28 <../../figSupp_pkx_allTaxa.pdf> <../../figSupp_fbeta_allTaxa.pdf>]
<../../figSupp_eeSpaceOcc.pdf, id=170, 289.08pt x 252.945pt>
File: ../../figSupp_eeSpaceOcc.pdf Graphic file (type pdf)
<use ../../figSupp_eeSpaceOcc.pdf>
Package pdftex.def Info: ../../figSupp_eeSpaceOcc.pdf  used on input line 1030.

(pdftex.def)             Requested size: 182.09485pt x 159.33302pt.
 [29 <../../figSupp_eeSpaceOcc.pdf>]
<../../figSupp_betaByRich.pdf, id=180, 289.08pt x 289.08pt>
File: ../../figSupp_betaByRich.pdf Graphic file (type pdf)
<use ../../figSupp_betaByRich.pdf>
Package pdftex.def Info: ../../figSupp_betaByRich.pdf  used on input line 1053.

(pdftex.def)             Requested size: 182.09485pt x 182.0949pt.
 [30 <../../figSupp_betaByRich.pdf>]
(./rom_sciAdvances_rev2_trkChng.aux) ) 
Here is how much of TeX's memory you used:
 2871 strings out of 492649
 40063 string characters out of 6129622
 128664 words of memory out of 5000000
 6700 multiletter control sequences out of 15000+600000
 13488 words of font info for 49 fonts, out of 8000000 for 9000
 1141 hyphenation exceptions out of 8191
 41i,7n,25p,827b,287s stack positions out of 5000i,500n,10000p,200000b,80000s
</usr/local/texlive/2018/texmf-dist/fonts
/type1/public/amsfonts/cm/cmbx12.pfb></usr/local/texlive/2018/texmf-dist/fonts/
type1/public/amsfonts/cm/cmex10.pfb></usr/local/texlive/2018/texmf-dist/fonts/t
ype1/public/amsfonts/cm/cmmi12.pfb></usr/local/texlive/2018/texmf-dist/fonts/ty
pe1/public/amsfonts/cm/cmmi6.pfb></usr/local/texlive/2018/texmf-dist/fonts/type
1/public/amsfonts/cm/cmmi8.pfb></usr/local/texlive/2018/texmf-dist/fonts/type1/
public/amsfonts/cm/cmr10.pfb></usr/local/texlive/2018/texmf-dist/fonts/type1/pu
blic/amsfonts/cm/cmr12.pfb></usr/local/texlive/2018/texmf-dist/fonts/type1/publ
ic/amsfonts/cm/cmr17.pfb></usr/local/texlive/2018/texmf-dist/fonts/type1/public
/amsfonts/cm/cmr6.pfb></usr/local/texlive/2018/texmf-dist/fonts/type1/public/am
sfonts/cm/cmr8.pfb></usr/local/texlive/2018/texmf-dist/fonts/type1/public/amsfo
nts/cm/cmss8.pfb></usr/local/texlive/2018/texmf-dist/fonts/type1/public/amsfont
s/cm/cmsy10.pfb></usr/local/texlive/2018/texmf-dist/fonts/type1/public/amsfonts
/cm/cmsy8.pfb></usr/local/texlive/2018/texmf-dist/fonts/type1/public/amsfonts/c
m/cmti12.pfb></usr/local/texlive/2018/texmf-dist/fonts/type1/public/amsfonts/cm
/cmtt12.pfb></usr/local/texlive/2018/texmf-dist/fonts/type1/public/amsfonts/lat
xfont/lasy6.pfb>
Output written on rom_sciAdvances_rev2_trkChng.pdf (30 pages, 1249461 bytes).
PDF statistics:
 242 PDF objects out of 1000 (max. 8388607)
 174 compressed objects within 2 object streams
 0 named destinations out of 1000 (max. 500000)
 46 words of extra memory for PDF output out of 10000 (max. 10000000)

