This is pdfTeX, Version 3.14159265-2.6-1.40.18 (TeX Live 2017) (preloaded format=pdflatex 2017.5.23)  13 DEC 2018 16:05
entering extended mode
 restricted \write18 enabled.
 file:line:error style messages enabled.
 %&-line parsing enabled.
**\input rom_sciAdvances_rev.tex
(./rom_sciAdvances_rev.tex
(/usr/local/texlive/2017/texmf-dist/tex/latex/base/article.cls
Document Class: article 2014/09/29 v1.4h Standard LaTeX document class
(/usr/local/texlive/2017/texmf-dist/tex/latex/base/size12.clo
File: size12.clo 2014/09/29 v1.4h Standard LaTeX file (size option)
)
\c@part=\count79
\c@section=\count80
\c@subsection=\count81
\c@subsubsection=\count82
\c@paragraph=\count83
\c@subparagraph=\count84
\c@figure=\count85
\c@table=\count86
\abovecaptionskip=\skip41
\belowcaptionskip=\skip42
\bibindent=\dimen102
) (./scicite.sty
LaTeX Info: Redefining \cite on input line 160.
LaTeX Info: Redefining \nocite on input line 227.
Package: scicite 2003/11/04  v 4.01
) (/usr/local/texlive/2017/texmf-dist/tex/latex/graphics/graphicx.sty
Package: graphicx 2014/10/28 v1.0g Enhanced LaTeX Graphics (DPC,SPQR)

(/usr/local/texlive/2017/texmf-dist/tex/latex/graphics/keyval.sty
Package: keyval 2014/10/28 v1.15 key=value parser (DPC)
\KV@toks@=\toks14
)
(/usr/local/texlive/2017/texmf-dist/tex/latex/graphics/graphics.sty
Package: graphics 2017/04/14 v1.1b Standard LaTeX Graphics (DPC,SPQR)

(/usr/local/texlive/2017/texmf-dist/tex/latex/graphics/trig.sty
Package: trig 2016/01/03 v1.10 sin cos tan (DPC)
)
(/usr/local/texlive/2017/texmf-dist/tex/latex/graphics-cfg/graphics.cfg
File: graphics.cfg 2016/06/04 v1.11 sample graphics configuration
)
Package graphics Info: Driver file: pdftex.def on input line 99.

(/usr/local/texlive/2017/texmf-dist/tex/latex/graphics-def/pdftex.def
File: pdftex.def 2017/01/12 v0.06k Graphics/color for pdfTeX

(/usr/local/texlive/2017/texmf-dist/tex/generic/oberdiek/infwarerr.sty
Package: infwarerr 2016/05/16 v1.4 Providing info/warning/error messages (HO)
)
(/usr/local/texlive/2017/texmf-dist/tex/generic/oberdiek/ltxcmds.sty
Package: ltxcmds 2016/05/16 v1.23 LaTeX kernel commands for general use (HO)
)
\Gread@gobject=\count87
))
\Gin@req@height=\dimen103
\Gin@req@width=\dimen104
)
(/usr/local/texlive/2017/texmf-dist/tex/latex/preprint/authblk.sty
Package: authblk 2001/02/27 1.3 (PWD)
\affilsep=\skip43
\@affilsep=\skip44
\c@Maxaffil=\count88
\c@authors=\count89
\c@affil=\count90
)
(/usr/local/texlive/2017/texmf-dist/tex/latex/lineno/lineno.sty
Package: lineno 2005/11/02 line numbers on paragraphs v4.41
\linenopenalty=\count91
\output=\toks15
\linenoprevgraf=\count92
\linenumbersep=\dimen105
\linenumberwidth=\dimen106
\c@linenumber=\count93
\c@pagewiselinenumber=\count94
\c@LN@truepage=\count95
\c@internallinenumber=\count96
\c@internallinenumbers=\count97
\quotelinenumbersep=\dimen107
\bframerule=\dimen108
\bframesep=\dimen109
\bframebox=\box26
LaTeX Info: Redefining \\ on input line 3056.
)
(/usr/local/texlive/2017/texmf-dist/tex/latex/paralist/paralist.sty
Package: paralist 2017/01/22 v2.7 Extended list environments
\pltopsep=\skip45
\plpartopsep=\skip46
\plitemsep=\skip47
\plparsep=\skip48
\pl@lab=\toks16
)
(/usr/local/texlive/2017/texmf-dist/tex/latex/amsmath/amsmath.sty
Package: amsmath 2016/11/05 v2.16a AMS math features
\@mathmargin=\skip49

For additional information on amsmath, use the `?' option.
(/usr/local/texlive/2017/texmf-dist/tex/latex/amsmath/amstext.sty
Package: amstext 2000/06/29 v2.01 AMS text

(/usr/local/texlive/2017/texmf-dist/tex/latex/amsmath/amsgen.sty
File: amsgen.sty 1999/11/30 v2.0 generic functions
\@emptytoks=\toks17
\ex@=\dimen110
))
(/usr/local/texlive/2017/texmf-dist/tex/latex/amsmath/amsbsy.sty
Package: amsbsy 1999/11/29 v1.2d Bold Symbols
\pmbraise@=\dimen111
)
(/usr/local/texlive/2017/texmf-dist/tex/latex/amsmath/amsopn.sty
Package: amsopn 2016/03/08 v2.02 operator names
)
\inf@bad=\count98
LaTeX Info: Redefining \frac on input line 213.
\uproot@=\count99
\leftroot@=\count100
LaTeX Info: Redefining \overline on input line 375.
\classnum@=\count101
\DOTSCASE@=\count102
LaTeX Info: Redefining \ldots on input line 472.
LaTeX Info: Redefining \dots on input line 475.
LaTeX Info: Redefining \cdots on input line 596.
\Mathstrutbox@=\box27
\strutbox@=\box28
\big@size=\dimen112
LaTeX Font Info:    Redeclaring font encoding OML on input line 712.
LaTeX Font Info:    Redeclaring font encoding OMS on input line 713.
\macc@depth=\count103
\c@MaxMatrixCols=\count104
\dotsspace@=\muskip10
\c@parentequation=\count105
\dspbrk@lvl=\count106
\tag@help=\toks18
\row@=\count107
\column@=\count108
\maxfields@=\count109
\andhelp@=\toks19
\eqnshift@=\dimen113
\alignsep@=\dimen114
\tagshift@=\dimen115
\tagwidth@=\dimen116
\totwidth@=\dimen117
\lineht@=\dimen118
\@envbody=\toks20
\multlinegap=\skip50
\multlinetaggap=\skip51
\mathdisplay@stack=\toks21
LaTeX Info: Redefining \[ on input line 2817.
LaTeX Info: Redefining \] on input line 2818.
)
(./rom_sciAdvances_rev.aux)
\openout1 = `rom_sciAdvances_rev.aux'.

LaTeX Font Info:    Checking defaults for OML/cmm/m/it on input line 76.
LaTeX Font Info:    ... okay on input line 76.
LaTeX Font Info:    Checking defaults for T1/cmr/m/n on input line 76.
LaTeX Font Info:    ... okay on input line 76.
LaTeX Font Info:    Checking defaults for OT1/cmr/m/n on input line 76.
LaTeX Font Info:    ... okay on input line 76.
LaTeX Font Info:    Checking defaults for OMS/cmsy/m/n on input line 76.
LaTeX Font Info:    ... okay on input line 76.
LaTeX Font Info:    Checking defaults for OMX/cmex/m/n on input line 76.
LaTeX Font Info:    ... okay on input line 76.
LaTeX Font Info:    Checking defaults for U/cmr/m/n on input line 76.
LaTeX Font Info:    ... okay on input line 76.

(/usr/local/texlive/2017/texmf-dist/tex/context/base/mkii/supp-pdf.mkii
[Loading MPS to PDF converter (version 2006.09.02).]
\scratchcounter=\count110
\scratchdimen=\dimen119
\scratchbox=\box29
\nofMPsegments=\count111
\nofMParguments=\count112
\everyMPshowfont=\toks22
\MPscratchCnt=\count113
\MPscratchDim=\dimen120
\MPnumerator=\count114
\makeMPintoPDFobject=\count115
\everyMPtoPDFconversion=\toks23
) (/usr/local/texlive/2017/texmf-dist/tex/generic/oberdiek/pdftexcmds.sty
Package: pdftexcmds 2017/03/19 v0.25 Utility functions of pdfTeX for LuaTeX (HO
)

(/usr/local/texlive/2017/texmf-dist/tex/generic/oberdiek/ifluatex.sty
Package: ifluatex 2016/05/16 v1.4 Provides the ifluatex switch (HO)
Package ifluatex Info: LuaTeX not detected.
)
(/usr/local/texlive/2017/texmf-dist/tex/generic/oberdiek/ifpdf.sty
Package: ifpdf 2017/03/15 v3.2 Provides the ifpdf switch
)
Package pdftexcmds Info: LuaTeX not detected.
Package pdftexcmds Info: \pdf@primitive is available.
Package pdftexcmds Info: \pdf@ifprimitive is available.
Package pdftexcmds Info: \pdfdraftmode found.
)
(/usr/local/texlive/2017/texmf-dist/tex/latex/oberdiek/epstopdf-base.sty
Package: epstopdf-base 2016/05/15 v2.6 Base part for package epstopdf

(/usr/local/texlive/2017/texmf-dist/tex/latex/oberdiek/grfext.sty
Package: grfext 2016/05/16 v1.2 Manage graphics extensions (HO)

(/usr/local/texlive/2017/texmf-dist/tex/generic/oberdiek/kvdefinekeys.sty
Package: kvdefinekeys 2016/05/16 v1.4 Define keys (HO)
))
(/usr/local/texlive/2017/texmf-dist/tex/latex/oberdiek/kvoptions.sty
Package: kvoptions 2016/05/16 v3.12 Key value format for package options (HO)

(/usr/local/texlive/2017/texmf-dist/tex/generic/oberdiek/kvsetkeys.sty
Package: kvsetkeys 2016/05/16 v1.17 Key value parser (HO)

(/usr/local/texlive/2017/texmf-dist/tex/generic/oberdiek/etexcmds.sty
Package: etexcmds 2016/05/16 v1.6 Avoid name clashes with e-TeX commands (HO)
Package etexcmds Info: Could not find \expanded.
(etexcmds)             That can mean that you are not using pdfTeX 1.50 or
(etexcmds)             that some package has redefined \expanded.
(etexcmds)             In the latter case, load this package earlier.
)))
Package epstopdf-base Info: Redefining graphics rule for `.eps' on input line 4
38.
Package grfext Info: Graphics extension search list:
(grfext)             [.png,.pdf,.jpg,.mps,.jpeg,.jbig2,.jb2,.PNG,.PDF,.JPG,.JPE
G,.JBIG2,.JB2,.eps]
(grfext)             \AppendGraphicsExtensions on input line 456.

(/usr/local/texlive/2017/texmf-dist/tex/latex/latexconfig/epstopdf-sys.cfg
File: epstopdf-sys.cfg 2010/07/13 v1.3 Configuration of (r)epstopdf for TeX Liv
e
))
[1

{/usr/local/texlive/2017/texmf-var/fonts/map/pdftex/updmap/pdftex.map}]
[2

] [3] [4] [5] [6] <../../fig_pkx-fbeta.pdf, id=32, 383.4325pt x 361.35pt>
File: ../../fig_pkx-fbeta.pdf Graphic file (type pdf)

<use ../../fig_pkx-fbeta.pdf>
Package pdftex.def Info: ../../fig_pkx-fbeta.pdf used on input line 333.
(pdftex.def)             Requested size: 306.74641pt x 289.0804pt.


LaTeX Warning: `!h' float specifier changed to `!ht'.

[7] [8 <../../fig_pkx-fbeta.pdf>]
<../../fig_Px.pdf, id=47, 383.4325pt x 361.35pt>
File: ../../fig_Px.pdf Graphic file (type pdf)
 <use ../../fig_Px.pdf>
Package pdftex.def Info: ../../fig_Px.pdf used on input line 396.
(pdftex.def)             Requested size: 383.43156pt x 361.34912pt.


LaTeX Warning: `!h' float specifier changed to `!ht'.


Overfull \hbox (0.52063pt too wide) in paragraph at lines 428--440
[]\OT1/cmr/m/n/12 Computing the dis-tri-bu-tion of ag-gre-gated fluc-tu-a-tions
 us-ing or-ders also closely matches
 []

[9] [10 <../../fig_Px.pdf>]

LaTeX Warning: Citation `[' on page 11 undefined on input line 453.

<../../fig_dStat.pdf, id=68, 289.08pt x 289.08pt>
File: ../../fig_dStat.pdf Graphic file (type pdf)
 <use ../../fig_dStat.pdf>
Package pdftex.def Info: ../../fig_dStat.pdf used on input line 473.
(pdftex.def)             Requested size: 289.07928pt x 289.07928pt.


LaTeX Warning: `!h' float specifier changed to `!ht'.

[11] [12 <../../fig_dStat.pdf>] [13] [14]
Overfull \hbox (72.71307pt too wide) in paragraph at lines 610--627
\OT1/cmr/m/n/12 rine in-vertabrates were down-loaded from the Pa-le-o-bi-ol-ogy
 Database (PBDB; \OT1/cmtt/m/n/12 https://paleobiodb.org\OT1/cmr/m/n/12 )
 []

[15] [16] [17] (./rom_sciAdvances_rev.bbl [18] [19] [20] [21] [22]) [23]
Overfull \hbox (6.36977pt too wide) in paragraph at lines 748--756
[]\OT1/cmr/m/n/12 Data are avail-able through the Pa-le-o-bi-ol-ogy Database
 []


Overfull \hbox (140.69667pt too wide) in paragraph at lines 748--756
\OT1/cmr/m/n/12 pro-cess, clean, and ul-ti-mately an-a-lyze the data are avail-
able on-line at \OT1/cmtt/m/n/12 github.com/ajrominger/paleo[]supStat\OT1/cmr/m
/n/12 .
 []

[24]
Overfull \hbox (9.19162pt too wide) in paragraph at lines 778--778
[]\OT1/cmr/bx/n/17.28 Limit dis-tri-bu-tion of a time-averaged ho-mo-ge-neous
 []

[25

] <../../figSupp_divByPub.pdf, id=126, 289.08pt x 289.08pt>
File: ../../figSupp_divByPub.pdf Graphic file (type pdf)

<use ../../figSupp_divByPub.pdf>
Package pdftex.def Info: ../../figSupp_divByPub.pdf used on input line 828.
(pdftex.def)             Requested size: 182.09485pt x 182.0949pt.
 [26 <../../figSupp_divByPub.pdf>]
<../../figSupp_divEstComp.pdf, id=136, 578.16pt x 289.08pt>
File: ../../figSupp_divEstComp.pdf Graphic file (type pdf)

<use ../../figSupp_divEstComp.pdf>
Package pdftex.def Info: ../../figSupp_divEstComp.pdf used on input line 851.
(pdftex.def)             Requested size: 318.66946pt x 159.33412pt.

<../../figSupp_pkx_allTaxa.pdf, id=137, 650.43pt x 216.81pt>
File: ../../figSupp_pkx_allTaxa.pdf Graphic file (type pdf)

<use ../../figSupp_pkx_allTaxa.pdf>
Package pdftex.def Info: ../../figSupp_pkx_allTaxa.pdf used on input line 882.
(pdftex.def)             Requested size: 364.19664pt x 121.40283pt.

<../../figSupp_fbeta_allTaxa.pdf, id=138, 650.43pt x 216.81pt>
File: ../../figSupp_fbeta_allTaxa.pdf Graphic file (type pdf)

<use ../../figSupp_fbeta_allTaxa.pdf>
Package pdftex.def Info: ../../figSupp_fbeta_allTaxa.pdf used on input line 898
.
(pdftex.def)             Requested size: 364.19664pt x 121.40283pt.
 [27 <../../figSupp_divEstComp.pdf>]
[28 <../../figSupp_pkx_allTaxa.pdf> <../../figSupp_fbeta_allTaxa.pdf>]
<../../figSupp_eeSpaceOcc.pdf, id=170, 289.08pt x 252.945pt>
File: ../../figSupp_eeSpaceOcc.pdf Graphic file (type pdf)

<use ../../figSupp_eeSpaceOcc.pdf>
Package pdftex.def Info: ../../figSupp_eeSpaceOcc.pdf used on input line 924.
(pdftex.def)             Requested size: 182.09485pt x 159.33302pt.
 [29 <../../figSupp_eeSpaceOcc.pdf>]
<../../figSupp_betaByRich.pdf, id=180, 289.08pt x 289.08pt>
File: ../../figSupp_betaByRich.pdf Graphic file (type pdf)

<use ../../figSupp_betaByRich.pdf>
Package pdftex.def Info: ../../figSupp_betaByRich.pdf used on input line 947.
(pdftex.def)             Requested size: 182.09485pt x 182.0949pt.
 [30 <../../figSupp_betaByRich.pdf>]
(./rom_sciAdvances_rev.aux)

LaTeX Warning: There were undefined references.

 ) 
Here is how much of TeX's memory you used:
 2738 strings out of 492995
 37911 string characters out of 6132704
 107128 words of memory out of 5000000
 6252 multiletter control sequences out of 15000+600000
 13394 words of font info for 48 fonts, out of 8000000 for 9000
 1141 hyphenation exceptions out of 8191
 39i,6n,25p,722b,288s stack positions out of 5000i,500n,10000p,200000b,80000s
</usr/local/texlive/2017/texmf-dist/fonts/type1/public/amsfonts/cm/cmbx12.pfb
></usr/local/texlive/2017/texmf-dist/fonts/type1/public/amsfonts/cm/cmbxti10.pf
b></usr/local/texlive/2017/texmf-dist/fonts/type1/public/amsfonts/cm/cmex10.pfb
></usr/local/texlive/2017/texmf-dist/fonts/type1/public/amsfonts/cm/cmmi12.pfb>
</usr/local/texlive/2017/texmf-dist/fonts/type1/public/amsfonts/cm/cmmi6.pfb></
usr/local/texlive/2017/texmf-dist/fonts/type1/public/amsfonts/cm/cmmi8.pfb></us
r/local/texlive/2017/texmf-dist/fonts/type1/public/amsfonts/cm/cmr10.pfb></usr/
local/texlive/2017/texmf-dist/fonts/type1/public/amsfonts/cm/cmr12.pfb></usr/lo
cal/texlive/2017/texmf-dist/fonts/type1/public/amsfonts/cm/cmr17.pfb></usr/loca
l/texlive/2017/texmf-dist/fonts/type1/public/amsfonts/cm/cmr6.pfb></usr/local/t
exlive/2017/texmf-dist/fonts/type1/public/amsfonts/cm/cmr8.pfb></usr/local/texl
ive/2017/texmf-dist/fonts/type1/public/amsfonts/cm/cmss8.pfb></usr/local/texliv
e/2017/texmf-dist/fonts/type1/public/amsfonts/cm/cmsy10.pfb></usr/local/texlive
/2017/texmf-dist/fonts/type1/public/amsfonts/cm/cmsy8.pfb></usr/local/texlive/2
017/texmf-dist/fonts/type1/public/amsfonts/cm/cmti12.pfb></usr/local/texlive/20
17/texmf-dist/fonts/type1/public/amsfonts/cm/cmtt12.pfb>
Output written on rom_sciAdvances_rev.pdf (30 pages, 1262209 bytes).
PDF statistics:
 242 PDF objects out of 1000 (max. 8388607)
 174 compressed objects within 2 object streams
 0 named destinations out of 1000 (max. 500000)
 46 words of extra memory for PDF output out of 10000 (max. 10000000)

