This is pdfTeX, Version 3.14159265-2.6-1.40.18 (TeX Live 2017) (preloaded format=pdflatex 2017.5.23)  20 DEC 2018 15:13
entering extended mode
 restricted \write18 enabled.
 file:line:error style messages enabled.
 %&-line parsing enabled.
**\input rom_sciAdvances_rev_trkChng.tex
(./rom_sciAdvances_rev_trkChng.tex
(/usr/local/texlive/2017/texmf-dist/tex/latex/base/article.cls
Document Class: article 2014/09/29 v1.4h Standard LaTeX document class
(/usr/local/texlive/2017/texmf-dist/tex/latex/base/size12.clo
File: size12.clo 2014/09/29 v1.4h Standard LaTeX file (size option)
)
\c@part=\count79
\c@section=\count80
\c@subsection=\count81
\c@subsubsection=\count82
\c@paragraph=\count83
\c@subparagraph=\count84
\c@figure=\count85
\c@table=\count86
\abovecaptionskip=\skip41
\belowcaptionskip=\skip42
\bibindent=\dimen102
) (./scicite.sty
LaTeX Info: Redefining \cite on input line 160.
LaTeX Info: Redefining \nocite on input line 227.
Package: scicite 2003/11/04  v 4.01
) (/usr/local/texlive/2017/texmf-dist/tex/latex/graphics/graphicx.sty
Package: graphicx 2014/10/28 v1.0g Enhanced LaTeX Graphics (DPC,SPQR)

(/usr/local/texlive/2017/texmf-dist/tex/latex/graphics/keyval.sty
Package: keyval 2014/10/28 v1.15 key=value parser (DPC)
\KV@toks@=\toks14
)
(/usr/local/texlive/2017/texmf-dist/tex/latex/graphics/graphics.sty
Package: graphics 2017/04/14 v1.1b Standard LaTeX Graphics (DPC,SPQR)

(/usr/local/texlive/2017/texmf-dist/tex/latex/graphics/trig.sty
Package: trig 2016/01/03 v1.10 sin cos tan (DPC)
)
(/usr/local/texlive/2017/texmf-dist/tex/latex/graphics-cfg/graphics.cfg
File: graphics.cfg 2016/06/04 v1.11 sample graphics configuration
)
Package graphics Info: Driver file: pdftex.def on input line 99.

(/usr/local/texlive/2017/texmf-dist/tex/latex/graphics-def/pdftex.def
File: pdftex.def 2017/01/12 v0.06k Graphics/color for pdfTeX

(/usr/local/texlive/2017/texmf-dist/tex/generic/oberdiek/infwarerr.sty
Package: infwarerr 2016/05/16 v1.4 Providing info/warning/error messages (HO)
)
(/usr/local/texlive/2017/texmf-dist/tex/generic/oberdiek/ltxcmds.sty
Package: ltxcmds 2016/05/16 v1.23 LaTeX kernel commands for general use (HO)
)
\Gread@gobject=\count87
))
\Gin@req@height=\dimen103
\Gin@req@width=\dimen104
)
(/usr/local/texlive/2017/texmf-dist/tex/latex/preprint/authblk.sty
Package: authblk 2001/02/27 1.3 (PWD)
\affilsep=\skip43
\@affilsep=\skip44
\c@Maxaffil=\count88
\c@authors=\count89
\c@affil=\count90
)
(/usr/local/texlive/2017/texmf-dist/tex/latex/lineno/lineno.sty
Package: lineno 2005/11/02 line numbers on paragraphs v4.41
\linenopenalty=\count91
\output=\toks15
\linenoprevgraf=\count92
\linenumbersep=\dimen105
\linenumberwidth=\dimen106
\c@linenumber=\count93
\c@pagewiselinenumber=\count94
\c@LN@truepage=\count95
\c@internallinenumber=\count96
\c@internallinenumbers=\count97
\quotelinenumbersep=\dimen107
\bframerule=\dimen108
\bframesep=\dimen109
\bframebox=\box26
LaTeX Info: Redefining \\ on input line 3056.
)
(/usr/local/texlive/2017/texmf-dist/tex/latex/paralist/paralist.sty
Package: paralist 2017/01/22 v2.7 Extended list environments
\pltopsep=\skip45
\plpartopsep=\skip46
\plitemsep=\skip47
\plparsep=\skip48
\pl@lab=\toks16
)
(/usr/local/texlive/2017/texmf-dist/tex/latex/amsmath/amsmath.sty
Package: amsmath 2016/11/05 v2.16a AMS math features
\@mathmargin=\skip49

For additional information on amsmath, use the `?' option.
(/usr/local/texlive/2017/texmf-dist/tex/latex/amsmath/amstext.sty
Package: amstext 2000/06/29 v2.01 AMS text

(/usr/local/texlive/2017/texmf-dist/tex/latex/amsmath/amsgen.sty
File: amsgen.sty 1999/11/30 v2.0 generic functions
\@emptytoks=\toks17
\ex@=\dimen110
))
(/usr/local/texlive/2017/texmf-dist/tex/latex/amsmath/amsbsy.sty
Package: amsbsy 1999/11/29 v1.2d Bold Symbols
\pmbraise@=\dimen111
)
(/usr/local/texlive/2017/texmf-dist/tex/latex/amsmath/amsopn.sty
Package: amsopn 2016/03/08 v2.02 operator names
)
\inf@bad=\count98
LaTeX Info: Redefining \frac on input line 213.
\uproot@=\count99
\leftroot@=\count100
LaTeX Info: Redefining \overline on input line 375.
\classnum@=\count101
\DOTSCASE@=\count102
LaTeX Info: Redefining \ldots on input line 472.
LaTeX Info: Redefining \dots on input line 475.
LaTeX Info: Redefining \cdots on input line 596.
\Mathstrutbox@=\box27
\strutbox@=\box28
\big@size=\dimen112
LaTeX Font Info:    Redeclaring font encoding OML on input line 712.
LaTeX Font Info:    Redeclaring font encoding OMS on input line 713.
\macc@depth=\count103
\c@MaxMatrixCols=\count104
\dotsspace@=\muskip10
\c@parentequation=\count105
\dspbrk@lvl=\count106
\tag@help=\toks18
\row@=\count107
\column@=\count108
\maxfields@=\count109
\andhelp@=\toks19
\eqnshift@=\dimen113
\alignsep@=\dimen114
\tagshift@=\dimen115
\tagwidth@=\dimen116
\totwidth@=\dimen117
\lineht@=\dimen118
\@envbody=\toks20
\multlinegap=\skip50
\multlinetaggap=\skip51
\mathdisplay@stack=\toks21
LaTeX Info: Redefining \[ on input line 2817.
LaTeX Info: Redefining \] on input line 2818.
)
(/usr/local/texlive/2017/texmf-dist/tex/latex/pdfpages/pdfpages.sty
Package: pdfpages 2017/01/14 v0.5h Insert pages of external PDF documents (AM)

(/usr/local/texlive/2017/texmf-dist/tex/latex/base/ifthen.sty
Package: ifthen 2014/09/29 v1.1c Standard LaTeX ifthen package (DPC)
)
(/usr/local/texlive/2017/texmf-dist/tex/latex/tools/calc.sty
Package: calc 2014/10/28 v4.3 Infix arithmetic (KKT,FJ)
\calc@Acount=\count110
\calc@Bcount=\count111
\calc@Adimen=\dimen119
\calc@Bdimen=\dimen120
\calc@Askip=\skip52
\calc@Bskip=\skip53
LaTeX Info: Redefining \setlength on input line 80.
LaTeX Info: Redefining \addtolength on input line 81.
\calc@Ccount=\count112
\calc@Cskip=\skip54
)
(/usr/local/texlive/2017/texmf-dist/tex/latex/eso-pic/eso-pic.sty
Package: eso-pic 2015/07/21 v2.0g eso-pic (RN)

(/usr/local/texlive/2017/texmf-dist/tex/generic/oberdiek/atbegshi.sty
Package: atbegshi 2016/06/09 v1.18 At begin shipout hook (HO)

(/usr/local/texlive/2017/texmf-dist/tex/generic/oberdiek/ifpdf.sty
Package: ifpdf 2017/03/15 v3.2 Provides the ifpdf switch
))
(/usr/local/texlive/2017/texmf-dist/tex/latex/xcolor/xcolor.sty
Package: xcolor 2016/05/11 v2.12 LaTeX color extensions (UK)

(/usr/local/texlive/2017/texmf-dist/tex/latex/graphics-cfg/color.cfg
File: color.cfg 2016/01/02 v1.6 sample color configuration
)
Package xcolor Info: Driver file: pdftex.def on input line 225.
Package xcolor Info: Model `cmy' substituted by `cmy0' on input line 1348.
Package xcolor Info: Model `hsb' substituted by `rgb' on input line 1352.
Package xcolor Info: Model `RGB' extended on input line 1364.
Package xcolor Info: Model `HTML' substituted by `rgb' on input line 1366.
Package xcolor Info: Model `Hsb' substituted by `hsb' on input line 1367.
Package xcolor Info: Model `tHsb' substituted by `hsb' on input line 1368.
Package xcolor Info: Model `HSB' substituted by `hsb' on input line 1369.
Package xcolor Info: Model `Gray' substituted by `gray' on input line 1370.
Package xcolor Info: Model `wave' substituted by `hsb' on input line 1371.
))
\AM@pagewidth=\dimen121
\AM@pageheight=\dimen122

(/usr/local/texlive/2017/texmf-dist/tex/latex/pdfpages/pppdftex.def
File: pppdftex.def 2017/01/14 v0.5h Pdfpages driver for pdfTeX (AM)
)
\AM@pagebox=\box29
\AM@global@opts=\toks22
\AM@toc@title=\toks23
\c@AM@survey=\count113
\AM@templatesizebox=\box30
)
(/usr/local/texlive/2017/texmf-dist/tex/generic/ulem/ulem.sty
\UL@box=\box31
\UL@hyphenbox=\box32
\UL@skip=\skip55
\UL@hook=\toks24
\UL@height=\dimen123
\UL@pe=\count114
\UL@pixel=\dimen124
\ULC@box=\box33
Package: ulem 2012/05/18
\ULdepth=\dimen125
)
(/usr/local/texlive/2017/texmf-dist/tex/latex/oberdiek/settobox.sty
Package: settobox 2016/05/16 v1.5 Assign box dimensions to length registers (HO
)
)
(/usr/local/texlive/2017/texmf-dist/tex/latex/oberdiek/letltxmacro.sty
Package: letltxmacro 2016/05/16 v1.5 Let assignment for LaTeX macros (HO)
)
\DIFdelgraphicsbox=\box34
\DIFdelgraphicswidth=\skip56
\DIFdelgraphicsheight=\skip57
LaTeX Info: Redefining \DIFaddbegin on input line 190.
LaTeX Info: Redefining \DIFaddend on input line 191.
LaTeX Info: Redefining \DIFdelbegin on input line 192.
LaTeX Info: Redefining \DIFdelend on input line 193.
LaTeX Info: Redefining \DIFaddbeginFL on input line 198.
LaTeX Info: Redefining \DIFaddendFL on input line 199.
LaTeX Info: Redefining \DIFdelbeginFL on input line 200.
LaTeX Info: Redefining \DIFdelendFL on input line 201.

(./rom_sciAdvances_rev_trkChng.aux)
\openout1 = `rom_sciAdvances_rev_trkChng.aux'.

LaTeX Font Info:    Checking defaults for OML/cmm/m/it on input line 204.
LaTeX Font Info:    ... okay on input line 204.
LaTeX Font Info:    Checking defaults for T1/cmr/m/n on input line 204.
LaTeX Font Info:    ... okay on input line 204.
LaTeX Font Info:    Checking defaults for OT1/cmr/m/n on input line 204.
LaTeX Font Info:    ... okay on input line 204.
LaTeX Font Info:    Checking defaults for OMS/cmsy/m/n on input line 204.
LaTeX Font Info:    ... okay on input line 204.
LaTeX Font Info:    Checking defaults for OMX/cmex/m/n on input line 204.
LaTeX Font Info:    ... okay on input line 204.
LaTeX Font Info:    Checking defaults for U/cmr/m/n on input line 204.
LaTeX Font Info:    ... okay on input line 204.

(/usr/local/texlive/2017/texmf-dist/tex/context/base/mkii/supp-pdf.mkii
[Loading MPS to PDF converter (version 2006.09.02).]
\scratchcounter=\count115
\scratchdimen=\dimen126
\scratchbox=\box35
\nofMPsegments=\count116
\nofMParguments=\count117
\everyMPshowfont=\toks25
\MPscratchCnt=\count118
\MPscratchDim=\dimen127
\MPnumerator=\count119
\makeMPintoPDFobject=\count120
\everyMPtoPDFconversion=\toks26
) (/usr/local/texlive/2017/texmf-dist/tex/generic/oberdiek/pdftexcmds.sty
Package: pdftexcmds 2017/03/19 v0.25 Utility functions of pdfTeX for LuaTeX (HO
)

(/usr/local/texlive/2017/texmf-dist/tex/generic/oberdiek/ifluatex.sty
Package: ifluatex 2016/05/16 v1.4 Provides the ifluatex switch (HO)
Package ifluatex Info: LuaTeX not detected.
)
Package pdftexcmds Info: LuaTeX not detected.
Package pdftexcmds Info: \pdf@primitive is available.
Package pdftexcmds Info: \pdf@ifprimitive is available.
Package pdftexcmds Info: \pdfdraftmode found.
)
(/usr/local/texlive/2017/texmf-dist/tex/latex/oberdiek/epstopdf-base.sty
Package: epstopdf-base 2016/05/15 v2.6 Base part for package epstopdf

(/usr/local/texlive/2017/texmf-dist/tex/latex/oberdiek/grfext.sty
Package: grfext 2016/05/16 v1.2 Manage graphics extensions (HO)

(/usr/local/texlive/2017/texmf-dist/tex/generic/oberdiek/kvdefinekeys.sty
Package: kvdefinekeys 2016/05/16 v1.4 Define keys (HO)
))
(/usr/local/texlive/2017/texmf-dist/tex/latex/oberdiek/kvoptions.sty
Package: kvoptions 2016/05/16 v3.12 Key value format for package options (HO)

(/usr/local/texlive/2017/texmf-dist/tex/generic/oberdiek/kvsetkeys.sty
Package: kvsetkeys 2016/05/16 v1.17 Key value parser (HO)

(/usr/local/texlive/2017/texmf-dist/tex/generic/oberdiek/etexcmds.sty
Package: etexcmds 2016/05/16 v1.6 Avoid name clashes with e-TeX commands (HO)
Package etexcmds Info: Could not find \expanded.
(etexcmds)             That can mean that you are not using pdfTeX 1.50 or
(etexcmds)             that some package has redefined \expanded.
(etexcmds)             In the latter case, load this package earlier.
)))
Package epstopdf-base Info: Redefining graphics rule for `.eps' on input line 4
38.
Package grfext Info: Graphics extension search list:
(grfext)             [.png,.pdf,.jpg,.mps,.jpeg,.jbig2,.jb2,.PNG,.PDF,.JPG,.JPE
G,.JBIG2,.JB2,.eps]
(grfext)             \AppendGraphicsExtensions on input line 456.

(/usr/local/texlive/2017/texmf-dist/tex/latex/latexconfig/epstopdf-sys.cfg
File: epstopdf-sys.cfg 2010/07/13 v1.3 Configuration of (r)epstopdf for TeX Liv
e
))
\AtBeginShipoutBox=\box36

(/usr/local/texlive/2017/texmf-dist/tex/latex/oberdiek/pdflscape.sty
Package: pdflscape 2016/05/14 v0.11 Display of landscape pages in PDF (HO)

(/usr/local/texlive/2017/texmf-dist/tex/latex/graphics/lscape.sty
Package: lscape 2000/10/22 v3.01 Landscape Pages (DPC)
)
Package pdflscape Info: Auto-detected driver: pdftex on input line 81.

(/usr/local/texlive/2017/texmf-dist/tex/generic/ifxetex/ifxetex.sty
Package: ifxetex 2010/09/12 v0.6 Provides ifxetex conditional
)) [1

{/usr/local/texlive/2017/texmf-var/fonts/map/pdftex/updmap/pdftex.map}] [2

] [3

]
[4] [5] [6] <../../fig_pkx-fbeta.pdf, id=32, 383.4325pt x 361.35pt>
File: ../../fig_pkx-fbeta.pdf Graphic file (type pdf)

<use ../../fig_pkx-fbeta.pdf>
Package pdftex.def Info: ../../fig_pkx-fbeta.pdf used on input line 625.
(pdftex.def)             Requested size: 345.08606pt x 325.21199pt.


LaTeX Warning: `!h' float specifier changed to `!ht'.

[7] [8 <../../fig_pkx-fbeta.pdf>]
<../../fig_Px.pdf, id=47, 383.4325pt x 361.35pt>
File: ../../fig_Px.pdf Graphic file (type pdf)
 <use ../../fig_Px.pdf>
Package pdftex.def Info: ../../fig_Px.pdf used on input line 694.
(pdftex.def)             Requested size: 383.43156pt x 361.34912pt.


LaTeX Warning: `!h' float specifier changed to `!ht'.

[9] [10 <../../fig_Px.pdf>] <../../fig_dStat.pdf, id=68, 289.08pt x 289.08pt>
File: ../../fig_dStat.pdf Graphic file (type pdf)

<use ../../fig_dStat.pdf>
Package pdftex.def Info: ../../fig_dStat.pdf used on input line 783.
(pdftex.def)             Requested size: 289.07928pt x 289.07928pt.


LaTeX Warning: `!h' float specifier changed to `!ht'.

[11] [12 <../../fig_dStat.pdf>] [13] [14] [15] [16] [17]
(./rom_sciAdvances_rev_trkChng.bbl [18] [19] [20] [21] [22])
Overfull \hbox (6.36977pt too wide) in paragraph at lines 1165--1176
[]\OT1/cmr/m/n/12 Data are avail-able through []the Pa-le-o-bi-ol-ogy Database
 []

[23]
Overfull \hbox (9.19162pt too wide) in paragraph at lines 1200--1200
[]\OT1/cmr/bx/n/17.28 Limit dis-tri-bu-tion of a time-averaged ho-mo-ge-neous
 []

[1

] <../../figSupp_divByPub.pdf, id=121, 289.08pt x 289.08pt>
File: ../../figSupp_divByPub.pdf Graphic file (type pdf)

<use ../../figSupp_divByPub.pdf>
Package pdftex.def Info: ../../figSupp_divByPub.pdf used on input line 1258.
(pdftex.def)             Requested size: 182.09485pt x 182.0949pt.
 [2 <../../figSupp_divByPub.pdf>]
<../../figSupp_divEstComp.pdf, id=132, 578.16pt x 289.08pt>
File: ../../figSupp_divEstComp.pdf Graphic file (type pdf)

<use ../../figSupp_divEstComp.pdf>
Package pdftex.def Info: ../../figSupp_divEstComp.pdf used on input line 1282.
(pdftex.def)             Requested size: 318.66946pt x 159.33412pt.

<../../figSupp_pkx_allTaxa.pdf, id=133, 650.43pt x 216.81pt>
File: ../../figSupp_pkx_allTaxa.pdf Graphic file (type pdf)

<use ../../figSupp_pkx_allTaxa.pdf>
Package pdftex.def Info: ../../figSupp_pkx_allTaxa.pdf used on input line 1312.

(pdftex.def)             Requested size: 364.19664pt x 121.40283pt.

<../../figSupp_fbeta_allTaxa.pdf, id=134, 650.43pt x 216.81pt>
File: ../../figSupp_fbeta_allTaxa.pdf Graphic file (type pdf)

<use ../../figSupp_fbeta_allTaxa.pdf>
Package pdftex.def Info: ../../figSupp_fbeta_allTaxa.pdf used on input line 132
8.
(pdftex.def)             Requested size: 364.19664pt x 121.40283pt.
 [3 <../../figSupp_divEstComp.pdf>]
[4 <../../figSupp_pkx_allTaxa.pdf> <../../figSupp_fbeta_allTaxa.pdf>]
<../../figSupp_eeSpaceOcc.pdf, id=166, 289.08pt x 252.945pt>
File: ../../figSupp_eeSpaceOcc.pdf Graphic file (type pdf)

<use ../../figSupp_eeSpaceOcc.pdf>
Package pdftex.def Info: ../../figSupp_eeSpaceOcc.pdf used on input line 1359.
(pdftex.def)             Requested size: 182.09485pt x 159.33302pt.
 [5 <../../figSupp_eeSpaceOcc.pdf>]
<../../figSupp_betaByRich.pdf, id=176, 289.08pt x 289.08pt>
File: ../../figSupp_betaByRich.pdf Graphic file (type pdf)

<use ../../figSupp_betaByRich.pdf>
Package pdftex.def Info: ../../figSupp_betaByRich.pdf used on input line 1383.
(pdftex.def)             Requested size: 182.09485pt x 182.0949pt.
 [6 <../../figSupp_betaByRich.pdf>]
<../../../sstat_notebook.pdf, id=187, 614.295pt x 794.97pt>
File: ../../../sstat_notebook.pdf Graphic file (type pdf)

<use ../../../sstat_notebook.pdf>
Package pdftex.def Info: ../../../sstat_notebook.pdf used on input line 1394.
(pdftex.def)             Requested size: 614.29349pt x 794.96806pt.
File: ../../../sstat_notebook.pdf Graphic file (type pdf)
 <use ../../../sstat_notebook.pdf>
Package pdftex.def Info: ../../../sstat_notebook.pdf used on input line 1394.
(pdftex.def)             Requested size: 614.29349pt x 794.96806pt.

<../../../sstat_notebook.pdf, id=190, page=1, 614.295pt x 794.97pt>
File: ../../../sstat_notebook.pdf Graphic file (type pdf)

<use ../../../sstat_notebook.pdf, page 1>
Package pdftex.def Info: ../../../sstat_notebook.pdf, page1 used on input line 
1394.
(pdftex.def)             Requested size: 614.29349pt x 794.96806pt.
File: ../../../sstat_notebook.pdf Graphic file (type pdf)

<use ../../../sstat_notebook.pdf, page 1>
Package pdftex.def Info: ../../../sstat_notebook.pdf, page1 used on input line 
1394.
(pdftex.def)             Requested size: 614.58406pt x 795.3441pt.
File: ../../../sstat_notebook.pdf Graphic file (type pdf)

<use ../../../sstat_notebook.pdf, page 1>
Package pdftex.def Info: ../../../sstat_notebook.pdf, page1 used on input line 
1394.
(pdftex.def)             Requested size: 614.58406pt x 795.3441pt.
File: ../../../sstat_notebook.pdf Graphic file (type pdf)

<use ../../../sstat_notebook.pdf, page 1>
Package pdftex.def Info: ../../../sstat_notebook.pdf, page1 used on input line 
1394.
(pdftex.def)             Requested size: 614.58406pt x 795.3441pt.
File: ../../../sstat_notebook.pdf Graphic file (type pdf)

<use ../../../sstat_notebook.pdf, page 1>
Package pdftex.def Info: ../../../sstat_notebook.pdf, page1 used on input line 
1394.
(pdftex.def)             Requested size: 614.58406pt x 795.3441pt.
 [7

 <../../../sstat_notebook.pdf>]
<../../../sstat_notebook.pdf, id=236, page=2, 614.295pt x 794.97pt>
File: ../../../sstat_notebook.pdf Graphic file (type pdf)

<use ../../../sstat_notebook.pdf, page 2>
Package pdftex.def Info: ../../../sstat_notebook.pdf, page2 used on input line 
1394.
(pdftex.def)             Requested size: 614.58406pt x 795.3441pt.
File: ../../../sstat_notebook.pdf Graphic file (type pdf)

<use ../../../sstat_notebook.pdf, page 2>
Package pdftex.def Info: ../../../sstat_notebook.pdf, page2 used on input line 
1394.
(pdftex.def)             Requested size: 614.58406pt x 795.3441pt.
File: ../../../sstat_notebook.pdf Graphic file (type pdf)

<use ../../../sstat_notebook.pdf, page 2>
Package pdftex.def Info: ../../../sstat_notebook.pdf, page2 used on input line 
1394.
(pdftex.def)             Requested size: 614.58406pt x 795.3441pt.
 [8 <../../../sstat_notebook.pdf>]
<../../../sstat_notebook.pdf, id=241, page=3, 614.295pt x 794.97pt>
File: ../../../sstat_notebook.pdf Graphic file (type pdf)

<use ../../../sstat_notebook.pdf, page 3>
Package pdftex.def Info: ../../../sstat_notebook.pdf, page3 used on input line 
1394.
(pdftex.def)             Requested size: 614.58406pt x 795.3441pt.
File: ../../../sstat_notebook.pdf Graphic file (type pdf)

<use ../../../sstat_notebook.pdf, page 3>
Package pdftex.def Info: ../../../sstat_notebook.pdf, page3 used on input line 
1394.
(pdftex.def)             Requested size: 614.58406pt x 795.3441pt.
File: ../../../sstat_notebook.pdf Graphic file (type pdf)

<use ../../../sstat_notebook.pdf, page 3>
Package pdftex.def Info: ../../../sstat_notebook.pdf, page3 used on input line 
1394.
(pdftex.def)             Requested size: 614.58406pt x 795.3441pt.
 [9 <../../../sstat_notebook.pdf>]
<../../../sstat_notebook.pdf, id=245, page=4, 614.295pt x 794.97pt>
File: ../../../sstat_notebook.pdf Graphic file (type pdf)

<use ../../../sstat_notebook.pdf, page 4>
Package pdftex.def Info: ../../../sstat_notebook.pdf, page4 used on input line 
1394.
(pdftex.def)             Requested size: 614.58406pt x 795.3441pt.
File: ../../../sstat_notebook.pdf Graphic file (type pdf)

<use ../../../sstat_notebook.pdf, page 4>
Package pdftex.def Info: ../../../sstat_notebook.pdf, page4 used on input line 
1394.
(pdftex.def)             Requested size: 614.58406pt x 795.3441pt.
File: ../../../sstat_notebook.pdf Graphic file (type pdf)

<use ../../../sstat_notebook.pdf, page 4>
Package pdftex.def Info: ../../../sstat_notebook.pdf, page4 used on input line 
1394.
(pdftex.def)             Requested size: 614.58406pt x 795.3441pt.
 [10 <../../../sstat_notebook.pdf>]
<../../../sstat_notebook.pdf, id=252, page=5, 614.295pt x 794.97pt>
File: ../../../sstat_notebook.pdf Graphic file (type pdf)

<use ../../../sstat_notebook.pdf, page 5>
Package pdftex.def Info: ../../../sstat_notebook.pdf, page5 used on input line 
1394.
(pdftex.def)             Requested size: 614.58406pt x 795.3441pt.
File: ../../../sstat_notebook.pdf Graphic file (type pdf)

<use ../../../sstat_notebook.pdf, page 5>
Package pdftex.def Info: ../../../sstat_notebook.pdf, page5 used on input line 
1394.
(pdftex.def)             Requested size: 614.58406pt x 795.3441pt.
File: ../../../sstat_notebook.pdf Graphic file (type pdf)

<use ../../../sstat_notebook.pdf, page 5>
Package pdftex.def Info: ../../../sstat_notebook.pdf, page5 used on input line 
1394.
(pdftex.def)             Requested size: 614.58406pt x 795.3441pt.
 [11 <../../../sstat_notebook.pdf>]
<../../../sstat_notebook.pdf, id=256, page=6, 614.295pt x 794.97pt>
File: ../../../sstat_notebook.pdf Graphic file (type pdf)

<use ../../../sstat_notebook.pdf, page 6>
Package pdftex.def Info: ../../../sstat_notebook.pdf, page6 used on input line 
1394.
(pdftex.def)             Requested size: 614.58406pt x 795.3441pt.
File: ../../../sstat_notebook.pdf Graphic file (type pdf)

<use ../../../sstat_notebook.pdf, page 6>
Package pdftex.def Info: ../../../sstat_notebook.pdf, page6 used on input line 
1394.
(pdftex.def)             Requested size: 614.58406pt x 795.3441pt.
File: ../../../sstat_notebook.pdf Graphic file (type pdf)

<use ../../../sstat_notebook.pdf, page 6>
Package pdftex.def Info: ../../../sstat_notebook.pdf, page6 used on input line 
1394.
(pdftex.def)             Requested size: 614.58406pt x 795.3441pt.
 [12 <../../../sstat_notebook.pdf>]
<../../../sstat_notebook.pdf, id=260, page=7, 614.295pt x 794.97pt>
File: ../../../sstat_notebook.pdf Graphic file (type pdf)

<use ../../../sstat_notebook.pdf, page 7>
Package pdftex.def Info: ../../../sstat_notebook.pdf, page7 used on input line 
1394.
(pdftex.def)             Requested size: 614.58406pt x 795.3441pt.
File: ../../../sstat_notebook.pdf Graphic file (type pdf)

<use ../../../sstat_notebook.pdf, page 7>
Package pdftex.def Info: ../../../sstat_notebook.pdf, page7 used on input line 
1394.
(pdftex.def)             Requested size: 614.58406pt x 795.3441pt.
File: ../../../sstat_notebook.pdf Graphic file (type pdf)

<use ../../../sstat_notebook.pdf, page 7>
Package pdftex.def Info: ../../../sstat_notebook.pdf, page7 used on input line 
1394.
(pdftex.def)             Requested size: 614.58406pt x 795.3441pt.
 [13 <../../../sstat_notebook.pdf>]
<../../../sstat_notebook.pdf, id=264, page=8, 614.295pt x 794.97pt>
File: ../../../sstat_notebook.pdf Graphic file (type pdf)

<use ../../../sstat_notebook.pdf, page 8>
Package pdftex.def Info: ../../../sstat_notebook.pdf, page8 used on input line 
1394.
(pdftex.def)             Requested size: 614.58406pt x 795.3441pt.
File: ../../../sstat_notebook.pdf Graphic file (type pdf)

<use ../../../sstat_notebook.pdf, page 8>
Package pdftex.def Info: ../../../sstat_notebook.pdf, page8 used on input line 
1394.
(pdftex.def)             Requested size: 614.58406pt x 795.3441pt.
File: ../../../sstat_notebook.pdf Graphic file (type pdf)

<use ../../../sstat_notebook.pdf, page 8>
Package pdftex.def Info: ../../../sstat_notebook.pdf, page8 used on input line 
1394.
(pdftex.def)             Requested size: 614.58406pt x 795.3441pt.
 [14 <../../../sstat_notebook.pdf>]
<../../../sstat_notebook.pdf, id=287, page=9, 614.295pt x 794.97pt>
File: ../../../sstat_notebook.pdf Graphic file (type pdf)

<use ../../../sstat_notebook.pdf, page 9>
Package pdftex.def Info: ../../../sstat_notebook.pdf, page9 used on input line 
1394.
(pdftex.def)             Requested size: 614.58406pt x 795.3441pt.
File: ../../../sstat_notebook.pdf Graphic file (type pdf)

<use ../../../sstat_notebook.pdf, page 9>
Package pdftex.def Info: ../../../sstat_notebook.pdf, page9 used on input line 
1394.
(pdftex.def)             Requested size: 614.58406pt x 795.3441pt.
File: ../../../sstat_notebook.pdf Graphic file (type pdf)

<use ../../../sstat_notebook.pdf, page 9>
Package pdftex.def Info: ../../../sstat_notebook.pdf, page9 used on input line 
1394.
(pdftex.def)             Requested size: 614.58406pt x 795.3441pt.
 [15 <../../../sstat_notebook.pdf>]
<../../../sstat_notebook.pdf, id=291, page=10, 614.295pt x 794.97pt>
File: ../../../sstat_notebook.pdf Graphic file (type pdf)

<use ../../../sstat_notebook.pdf, page 10>
Package pdftex.def Info: ../../../sstat_notebook.pdf, page10 used on input line
 1394.
(pdftex.def)             Requested size: 614.58406pt x 795.3441pt.
File: ../../../sstat_notebook.pdf Graphic file (type pdf)

<use ../../../sstat_notebook.pdf, page 10>
Package pdftex.def Info: ../../../sstat_notebook.pdf, page10 used on input line
 1394.
(pdftex.def)             Requested size: 614.58406pt x 795.3441pt.
File: ../../../sstat_notebook.pdf Graphic file (type pdf)

<use ../../../sstat_notebook.pdf, page 10>
Package pdftex.def Info: ../../../sstat_notebook.pdf, page10 used on input line
 1394.
(pdftex.def)             Requested size: 614.58406pt x 795.3441pt.
 [16 <../../../sstat_notebook.pdf>]
<../../../sstat_notebook.pdf, id=295, page=11, 614.295pt x 794.97pt>
File: ../../../sstat_notebook.pdf Graphic file (type pdf)

<use ../../../sstat_notebook.pdf, page 11>
Package pdftex.def Info: ../../../sstat_notebook.pdf, page11 used on input line
 1394.
(pdftex.def)             Requested size: 614.58406pt x 795.3441pt.
File: ../../../sstat_notebook.pdf Graphic file (type pdf)

<use ../../../sstat_notebook.pdf, page 11>
Package pdftex.def Info: ../../../sstat_notebook.pdf, page11 used on input line
 1394.
(pdftex.def)             Requested size: 614.58406pt x 795.3441pt.
File: ../../../sstat_notebook.pdf Graphic file (type pdf)

<use ../../../sstat_notebook.pdf, page 11>
Package pdftex.def Info: ../../../sstat_notebook.pdf, page11 used on input line
 1394.
(pdftex.def)             Requested size: 614.58406pt x 795.3441pt.
 [17 <../../../sstat_notebook.pdf>]
<../../../sstat_notebook.pdf, id=299, page=12, 614.295pt x 794.97pt>
File: ../../../sstat_notebook.pdf Graphic file (type pdf)

<use ../../../sstat_notebook.pdf, page 12>
Package pdftex.def Info: ../../../sstat_notebook.pdf, page12 used on input line
 1394.
(pdftex.def)             Requested size: 614.58406pt x 795.3441pt.
File: ../../../sstat_notebook.pdf Graphic file (type pdf)

<use ../../../sstat_notebook.pdf, page 12>
Package pdftex.def Info: ../../../sstat_notebook.pdf, page12 used on input line
 1394.
(pdftex.def)             Requested size: 614.58406pt x 795.3441pt.
File: ../../../sstat_notebook.pdf Graphic file (type pdf)

<use ../../../sstat_notebook.pdf, page 12>
Package pdftex.def Info: ../../../sstat_notebook.pdf, page12 used on input line
 1394.
(pdftex.def)             Requested size: 614.58406pt x 795.3441pt.
 [18 <../../../sstat_notebook.pdf>]
<../../../sstat_notebook.pdf, id=303, page=13, 614.295pt x 794.97pt>
File: ../../../sstat_notebook.pdf Graphic file (type pdf)

<use ../../../sstat_notebook.pdf, page 13>
Package pdftex.def Info: ../../../sstat_notebook.pdf, page13 used on input line
 1394.
(pdftex.def)             Requested size: 614.58406pt x 795.3441pt.
File: ../../../sstat_notebook.pdf Graphic file (type pdf)

<use ../../../sstat_notebook.pdf, page 13>
Package pdftex.def Info: ../../../sstat_notebook.pdf, page13 used on input line
 1394.
(pdftex.def)             Requested size: 614.58406pt x 795.3441pt.
File: ../../../sstat_notebook.pdf Graphic file (type pdf)

<use ../../../sstat_notebook.pdf, page 13>
Package pdftex.def Info: ../../../sstat_notebook.pdf, page13 used on input line
 1394.
(pdftex.def)             Requested size: 614.58406pt x 795.3441pt.
 [19 <../../../sstat_notebook.pdf>]
<../../../sstat_notebook.pdf, id=307, page=14, 614.295pt x 794.97pt>
File: ../../../sstat_notebook.pdf Graphic file (type pdf)

<use ../../../sstat_notebook.pdf, page 14>
Package pdftex.def Info: ../../../sstat_notebook.pdf, page14 used on input line
 1394.
(pdftex.def)             Requested size: 614.58406pt x 795.3441pt.
File: ../../../sstat_notebook.pdf Graphic file (type pdf)

<use ../../../sstat_notebook.pdf, page 14>
Package pdftex.def Info: ../../../sstat_notebook.pdf, page14 used on input line
 1394.
(pdftex.def)             Requested size: 614.58406pt x 795.3441pt.
File: ../../../sstat_notebook.pdf Graphic file (type pdf)

<use ../../../sstat_notebook.pdf, page 14>
Package pdftex.def Info: ../../../sstat_notebook.pdf, page14 used on input line
 1394.
(pdftex.def)             Requested size: 614.58406pt x 795.3441pt.
 [20 <../../../sstat_notebook.pdf>]
<../../../sstat_notebook.pdf, id=312, page=15, 614.295pt x 794.97pt>
File: ../../../sstat_notebook.pdf Graphic file (type pdf)

<use ../../../sstat_notebook.pdf, page 15>
Package pdftex.def Info: ../../../sstat_notebook.pdf, page15 used on input line
 1394.
(pdftex.def)             Requested size: 614.58406pt x 795.3441pt.
File: ../../../sstat_notebook.pdf Graphic file (type pdf)

<use ../../../sstat_notebook.pdf, page 15>
Package pdftex.def Info: ../../../sstat_notebook.pdf, page15 used on input line
 1394.
(pdftex.def)             Requested size: 614.58406pt x 795.3441pt.
File: ../../../sstat_notebook.pdf Graphic file (type pdf)

<use ../../../sstat_notebook.pdf, page 15>
Package pdftex.def Info: ../../../sstat_notebook.pdf, page15 used on input line
 1394.
(pdftex.def)             Requested size: 614.58406pt x 795.3441pt.
 [21 <../../../sstat_notebook.pdf>]
<../../../sstat_notebook.pdf, id=321, page=16, 614.295pt x 794.97pt>
File: ../../../sstat_notebook.pdf Graphic file (type pdf)

<use ../../../sstat_notebook.pdf, page 16>
Package pdftex.def Info: ../../../sstat_notebook.pdf, page16 used on input line
 1394.
(pdftex.def)             Requested size: 614.58406pt x 795.3441pt.
File: ../../../sstat_notebook.pdf Graphic file (type pdf)

<use ../../../sstat_notebook.pdf, page 16>
Package pdftex.def Info: ../../../sstat_notebook.pdf, page16 used on input line
 1394.
(pdftex.def)             Requested size: 614.58406pt x 795.3441pt.
File: ../../../sstat_notebook.pdf Graphic file (type pdf)

<use ../../../sstat_notebook.pdf, page 16>
Package pdftex.def Info: ../../../sstat_notebook.pdf, page16 used on input line
 1394.
(pdftex.def)             Requested size: 614.58406pt x 795.3441pt.
 [22 <../../../sstat_notebook.pdf>]
<../../../sstat_notebook.pdf, id=325, page=17, 614.295pt x 794.97pt>
File: ../../../sstat_notebook.pdf Graphic file (type pdf)

<use ../../../sstat_notebook.pdf, page 17>
Package pdftex.def Info: ../../../sstat_notebook.pdf, page17 used on input line
 1394.
(pdftex.def)             Requested size: 614.58406pt x 795.3441pt.
File: ../../../sstat_notebook.pdf Graphic file (type pdf)

<use ../../../sstat_notebook.pdf, page 17>
Package pdftex.def Info: ../../../sstat_notebook.pdf, page17 used on input line
 1394.
(pdftex.def)             Requested size: 614.58406pt x 795.3441pt.
File: ../../../sstat_notebook.pdf Graphic file (type pdf)

<use ../../../sstat_notebook.pdf, page 17>
Package pdftex.def Info: ../../../sstat_notebook.pdf, page17 used on input line
 1394.
(pdftex.def)             Requested size: 614.58406pt x 795.3441pt.
 [23 <../../../sstat_notebook.pdf>]
<../../../sstat_notebook.pdf, id=329, page=18, 614.295pt x 794.97pt>
File: ../../../sstat_notebook.pdf Graphic file (type pdf)

<use ../../../sstat_notebook.pdf, page 18>
Package pdftex.def Info: ../../../sstat_notebook.pdf, page18 used on input line
 1394.
(pdftex.def)             Requested size: 614.58406pt x 795.3441pt.
File: ../../../sstat_notebook.pdf Graphic file (type pdf)

<use ../../../sstat_notebook.pdf, page 18>
Package pdftex.def Info: ../../../sstat_notebook.pdf, page18 used on input line
 1394.
(pdftex.def)             Requested size: 614.58406pt x 795.3441pt.
File: ../../../sstat_notebook.pdf Graphic file (type pdf)

<use ../../../sstat_notebook.pdf, page 18>
Package pdftex.def Info: ../../../sstat_notebook.pdf, page18 used on input line
 1394.
(pdftex.def)             Requested size: 614.58406pt x 795.3441pt.
 [24 <../../../sstat_notebook.pdf>]
<../../../sstat_notebook.pdf, id=333, page=19, 614.295pt x 794.97pt>
File: ../../../sstat_notebook.pdf Graphic file (type pdf)

<use ../../../sstat_notebook.pdf, page 19>
Package pdftex.def Info: ../../../sstat_notebook.pdf, page19 used on input line
 1394.
(pdftex.def)             Requested size: 614.58406pt x 795.3441pt.
File: ../../../sstat_notebook.pdf Graphic file (type pdf)

<use ../../../sstat_notebook.pdf, page 19>
Package pdftex.def Info: ../../../sstat_notebook.pdf, page19 used on input line
 1394.
(pdftex.def)             Requested size: 614.58406pt x 795.3441pt.
File: ../../../sstat_notebook.pdf Graphic file (type pdf)

<use ../../../sstat_notebook.pdf, page 19>
Package pdftex.def Info: ../../../sstat_notebook.pdf, page19 used on input line
 1394.
(pdftex.def)             Requested size: 614.58406pt x 795.3441pt.
 [25 <../../../sstat_notebook.pdf>]
<../../../sstat_notebook.pdf, id=338, page=20, 614.295pt x 794.97pt>
File: ../../../sstat_notebook.pdf Graphic file (type pdf)

<use ../../../sstat_notebook.pdf, page 20>
Package pdftex.def Info: ../../../sstat_notebook.pdf, page20 used on input line
 1394.
(pdftex.def)             Requested size: 614.58406pt x 795.3441pt.
File: ../../../sstat_notebook.pdf Graphic file (type pdf)

<use ../../../sstat_notebook.pdf, page 20>
Package pdftex.def Info: ../../../sstat_notebook.pdf, page20 used on input line
 1394.
(pdftex.def)             Requested size: 614.58406pt x 795.3441pt.
File: ../../../sstat_notebook.pdf Graphic file (type pdf)

<use ../../../sstat_notebook.pdf, page 20>
Package pdftex.def Info: ../../../sstat_notebook.pdf, page20 used on input line
 1394.
(pdftex.def)             Requested size: 614.58406pt x 795.3441pt.
 [26 <../../../sstat_notebook.pdf>]
<../../../sstat_notebook.pdf, id=343, page=21, 614.295pt x 794.97pt>
File: ../../../sstat_notebook.pdf Graphic file (type pdf)

<use ../../../sstat_notebook.pdf, page 21>
Package pdftex.def Info: ../../../sstat_notebook.pdf, page21 used on input line
 1394.
(pdftex.def)             Requested size: 614.58406pt x 795.3441pt.
File: ../../../sstat_notebook.pdf Graphic file (type pdf)

<use ../../../sstat_notebook.pdf, page 21>
Package pdftex.def Info: ../../../sstat_notebook.pdf, page21 used on input line
 1394.
(pdftex.def)             Requested size: 614.58406pt x 795.3441pt.
File: ../../../sstat_notebook.pdf Graphic file (type pdf)

<use ../../../sstat_notebook.pdf, page 21>
Package pdftex.def Info: ../../../sstat_notebook.pdf, page21 used on input line
 1394.
(pdftex.def)             Requested size: 614.58406pt x 795.3441pt.
 [27 <../../../sstat_notebook.pdf>]
<../../../sstat_notebook.pdf, id=347, page=22, 614.295pt x 794.97pt>
File: ../../../sstat_notebook.pdf Graphic file (type pdf)

<use ../../../sstat_notebook.pdf, page 22>
Package pdftex.def Info: ../../../sstat_notebook.pdf, page22 used on input line
 1394.
(pdftex.def)             Requested size: 614.58406pt x 795.3441pt.
File: ../../../sstat_notebook.pdf Graphic file (type pdf)

<use ../../../sstat_notebook.pdf, page 22>
Package pdftex.def Info: ../../../sstat_notebook.pdf, page22 used on input line
 1394.
(pdftex.def)             Requested size: 614.58406pt x 795.3441pt.
File: ../../../sstat_notebook.pdf Graphic file (type pdf)

<use ../../../sstat_notebook.pdf, page 22>
Package pdftex.def Info: ../../../sstat_notebook.pdf, page22 used on input line
 1394.
(pdftex.def)             Requested size: 614.58406pt x 795.3441pt.
 [28 <../../../sstat_notebook.pdf>]
<../../../sstat_notebook.pdf, id=351, page=23, 614.295pt x 794.97pt>
File: ../../../sstat_notebook.pdf Graphic file (type pdf)

<use ../../../sstat_notebook.pdf, page 23>
Package pdftex.def Info: ../../../sstat_notebook.pdf, page23 used on input line
 1394.
(pdftex.def)             Requested size: 614.58406pt x 795.3441pt.
File: ../../../sstat_notebook.pdf Graphic file (type pdf)

<use ../../../sstat_notebook.pdf, page 23>
Package pdftex.def Info: ../../../sstat_notebook.pdf, page23 used on input line
 1394.
(pdftex.def)             Requested size: 614.58406pt x 795.3441pt.
File: ../../../sstat_notebook.pdf Graphic file (type pdf)

<use ../../../sstat_notebook.pdf, page 23>
Package pdftex.def Info: ../../../sstat_notebook.pdf, page23 used on input line
 1394.
(pdftex.def)             Requested size: 614.58406pt x 795.3441pt.
 [29 <../../../sstat_notebook.pdf>]
<../../../sstat_notebook.pdf, id=355, page=24, 614.295pt x 794.97pt>
File: ../../../sstat_notebook.pdf Graphic file (type pdf)

<use ../../../sstat_notebook.pdf, page 24>
Package pdftex.def Info: ../../../sstat_notebook.pdf, page24 used on input line
 1394.
(pdftex.def)             Requested size: 614.58406pt x 795.3441pt.
File: ../../../sstat_notebook.pdf Graphic file (type pdf)

<use ../../../sstat_notebook.pdf, page 24>
Package pdftex.def Info: ../../../sstat_notebook.pdf, page24 used on input line
 1394.
(pdftex.def)             Requested size: 614.58406pt x 795.3441pt.
File: ../../../sstat_notebook.pdf Graphic file (type pdf)

<use ../../../sstat_notebook.pdf, page 24>
Package pdftex.def Info: ../../../sstat_notebook.pdf, page24 used on input line
 1394.
(pdftex.def)             Requested size: 614.58406pt x 795.3441pt.
 [30 <../../../sstat_notebook.pdf>]
<../../../sstat_notebook.pdf, id=359, page=25, 614.295pt x 794.97pt>
File: ../../../sstat_notebook.pdf Graphic file (type pdf)

<use ../../../sstat_notebook.pdf, page 25>
Package pdftex.def Info: ../../../sstat_notebook.pdf, page25 used on input line
 1394.
(pdftex.def)             Requested size: 614.58406pt x 795.3441pt.
File: ../../../sstat_notebook.pdf Graphic file (type pdf)

<use ../../../sstat_notebook.pdf, page 25>
Package pdftex.def Info: ../../../sstat_notebook.pdf, page25 used on input line
 1394.
(pdftex.def)             Requested size: 614.58406pt x 795.3441pt.
File: ../../../sstat_notebook.pdf Graphic file (type pdf)

<use ../../../sstat_notebook.pdf, page 25>
Package pdftex.def Info: ../../../sstat_notebook.pdf, page25 used on input line
 1394.
(pdftex.def)             Requested size: 614.58406pt x 795.3441pt.
 [31 <../../../sstat_notebook.pdf>]
<../../../sstat_notebook.pdf, id=363, page=26, 614.295pt x 794.97pt>
File: ../../../sstat_notebook.pdf Graphic file (type pdf)

<use ../../../sstat_notebook.pdf, page 26>
Package pdftex.def Info: ../../../sstat_notebook.pdf, page26 used on input line
 1394.
(pdftex.def)             Requested size: 614.58406pt x 795.3441pt.
File: ../../../sstat_notebook.pdf Graphic file (type pdf)

<use ../../../sstat_notebook.pdf, page 26>
Package pdftex.def Info: ../../../sstat_notebook.pdf, page26 used on input line
 1394.
(pdftex.def)             Requested size: 614.58406pt x 795.3441pt.
File: ../../../sstat_notebook.pdf Graphic file (type pdf)

<use ../../../sstat_notebook.pdf, page 26>
Package pdftex.def Info: ../../../sstat_notebook.pdf, page26 used on input line
 1394.
(pdftex.def)             Requested size: 614.58406pt x 795.3441pt.
 [32 <../../../sstat_notebook.pdf>]
<../../../sstat_notebook.pdf, id=368, page=27, 614.295pt x 794.97pt>
File: ../../../sstat_notebook.pdf Graphic file (type pdf)

<use ../../../sstat_notebook.pdf, page 27>
Package pdftex.def Info: ../../../sstat_notebook.pdf, page27 used on input line
 1394.
(pdftex.def)             Requested size: 614.58406pt x 795.3441pt.
File: ../../../sstat_notebook.pdf Graphic file (type pdf)

<use ../../../sstat_notebook.pdf, page 27>
Package pdftex.def Info: ../../../sstat_notebook.pdf, page27 used on input line
 1394.
(pdftex.def)             Requested size: 614.58406pt x 795.3441pt.
File: ../../../sstat_notebook.pdf Graphic file (type pdf)

<use ../../../sstat_notebook.pdf, page 27>
Package pdftex.def Info: ../../../sstat_notebook.pdf, page27 used on input line
 1394.
(pdftex.def)             Requested size: 614.58406pt x 795.3441pt.
 [33 <../../../sstat_notebook.pdf>]
(./rom_sciAdvances_rev_trkChng.aux) ) 
Here is how much of TeX's memory you used:
 4285 strings out of 492995
 62153 string characters out of 6132704
 136113 words of memory out of 5000000
 7747 multiletter control sequences out of 15000+600000
 13488 words of font info for 49 fonts, out of 8000000 for 9000
 1141 hyphenation exceptions out of 8191
 44i,19n,49p,747b,471s stack positions out of 5000i,500n,10000p,200000b,80000s
</usr/local/texlive/2017/texmf-dist/fonts/
type1/public/amsfonts/cm/cmbx12.pfb></usr/local/texlive/2017/texmf-dist/fonts/t
ype1/public/amsfonts/cm/cmex10.pfb></usr/local/texlive/2017/texmf-dist/fonts/ty
pe1/public/amsfonts/cm/cmmi12.pfb></usr/local/texlive/2017/texmf-dist/fonts/typ
e1/public/amsfonts/cm/cmmi6.pfb></usr/local/texlive/2017/texmf-dist/fonts/type1
/public/amsfonts/cm/cmmi8.pfb></usr/local/texlive/2017/texmf-dist/fonts/type1/p
ublic/amsfonts/cm/cmr10.pfb></usr/local/texlive/2017/texmf-dist/fonts/type1/pub
lic/amsfonts/cm/cmr12.pfb></usr/local/texlive/2017/texmf-dist/fonts/type1/publi
c/amsfonts/cm/cmr17.pfb></usr/local/texlive/2017/texmf-dist/fonts/type1/public/
amsfonts/cm/cmr6.pfb></usr/local/texlive/2017/texmf-dist/fonts/type1/public/ams
fonts/cm/cmr8.pfb></usr/local/texlive/2017/texmf-dist/fonts/type1/public/amsfon
ts/cm/cmss8.pfb></usr/local/texlive/2017/texmf-dist/fonts/type1/public/amsfonts
/cm/cmsy10.pfb></usr/local/texlive/2017/texmf-dist/fonts/type1/public/amsfonts/
cm/cmsy8.pfb></usr/local/texlive/2017/texmf-dist/fonts/type1/public/amsfonts/cm
/cmti12.pfb></usr/local/texlive/2017/texmf-dist/fonts/type1/public/amsfonts/cm/
cmtt12.pfb></usr/local/texlive/2017/texmf-dist/fonts/type1/public/lm/lmbx12.pfb
></usr/local/texlive/2017/texmf-dist/fonts/type1/public/lm/lmmi10.pfb></usr/loc
al/texlive/2017/texmf-dist/fonts/type1/public/lm/lmmi7.pfb></usr/local/texlive/
2017/texmf-dist/fonts/type1/public/lm/lmr10.pfb></usr/local/texlive/2017/texmf-
dist/fonts/type1/public/lm/lmr17.pfb></usr/local/texlive/2017/texmf-dist/fonts/
type1/public/lm/lmr7.pfb></usr/local/texlive/2017/texmf-dist/fonts/type1/public
/lm/lmri10.pfb></usr/local/texlive/2017/texmf-dist/fonts/type1/public/lm/lmsy10
.pfb></usr/local/texlive/2017/texmf-dist/fonts/type1/public/lm/lmtk10.pfb></usr
/local/texlive/2017/texmf-dist/fonts/type1/public/lm/lmtt10.pfb></usr/local/tex
live/2017/texmf-dist/fonts/type1/public/lm/lmtti10.pfb>
Output written on rom_sciAdvances_rev_trkChng.pdf (56 pages, 1528447 bytes).
PDF statistics:
 433 PDF objects out of 1000 (max. 8388607)
 298 compressed objects within 3 object streams
 0 named destinations out of 1000 (max. 500000)
 196 words of extra memory for PDF output out of 10000 (max. 10000000)

